# JRE version: Java(TM) SE Runtime Environment (8.0_66-b18) (build 1.8.0_66-b18)
# Java VM: Java HotSpot(TM) 64-Bit Server VM (25.66-b18 mixed mode windows-amd64 compressed oops)
Heap:
 PSYoungGen      total 104448K, used 5682K [0x00000000e0000000, 0x00000000e7600000, 0x0000000100000000)
  eden space 96256K, 0% used [0x00000000e0000000,0x00000000e0000000,0x00000000e5e00000)
  from space 8192K, 69% used [0x00000000e5e00000,0x00000000e638c9c8,0x00000000e6600000)
  to   space 10752K, 0% used [0x00000000e6b80000,0x00000000e6b80000,0x00000000e7600000)
 ParOldGen       total 86016K, used 18812K [0x00000000a0000000, 0x00000000a5400000, 0x00000000e0000000)
  object space 86016K, 21% used [0x00000000a0000000,0x00000000a125f070,0x00000000a5400000)
 Metaspace       used 36290K, capacity 36894K, committed 37248K, reserved 1085440K
  class space    used 4985K, capacity 5179K, committed 5248K, reserved 1048576K
GC Heap History (10 events):
Event: 11.989 GC heap before
{Heap before GC invocations=4 (full 1):
 PSYoungGen      total 57344K, used 8166K [0x00000000e0000000, 0x00000000e7000000, 0x0000000100000000)
  eden space 49152K, 0% used [0x00000000e0000000,0x00000000e0000000,0x00000000e3000000)
  from space 8192K, 99% used [0x00000000e3000000,0x00000000e37f9a98,0x00000000e3800000)
  to   space 8192K, 0% used [0x00000000e6800000,0x00000000e6800000,0x00000000e7000000)
 ParOldGen       total 131072K, used 3005K [0x00000000a0000000, 0x00000000a8000000, 0x00000000e0000000)
  object space 131072K, 2% used [0x00000000a0000000,0x00000000a02ef708,0x00000000a8000000)
 Metaspace       used 20863K, capacity 21190K, committed 21296K, reserved 1067008K
  class space    used 2793K, capacity 2916K, committed 2944K, reserved 1048576K
Event: 12.355 GC heap after
Heap after GC invocations=4 (full 1):
 PSYoungGen      total 57344K, used 0K [0x00000000e0000000, 0x00000000e7000000, 0x0000000100000000)
  eden space 49152K, 0% used [0x00000000e0000000,0x00000000e0000000,0x00000000e3000000)
  from space 8192K, 0% used [0x00000000e3000000,0x00000000e3000000,0x00000000e3800000)
  to   space 8192K, 0% used [0x00000000e6800000,0x00000000e6800000,0x00000000e7000000)
 ParOldGen       total 86016K, used 8585K [0x00000000a0000000, 0x00000000a5400000, 0x00000000e0000000)
  object space 86016K, 9% used [0x00000000a0000000,0x00000000a0862770,0x00000000a5400000)
 Metaspace       used 20863K, capacity 21190K, committed 21296K, reserved 1067008K
  class space    used 2793K, capacity 2916K, committed 2944K, reserved 1048576K
}
Event: 20.908 GC heap before
{Heap before GC invocations=5 (full 1):
 PSYoungGen      total 57344K, used 49152K [0x00000000e0000000, 0x00000000e7000000, 0x0000000100000000)
  eden space 49152K, 100% used [0x00000000e0000000,0x00000000e3000000,0x00000000e3000000)
  from space 8192K, 0% used [0x00000000e3000000,0x00000000e3000000,0x00000000e3800000)
  to   space 8192K, 0% used [0x00000000e6800000,0x00000000e6800000,0x00000000e7000000)
 ParOldGen       total 86016K, used 8585K [0x00000000a0000000, 0x00000000a5400000, 0x00000000e0000000)
  object space 86016K, 9% used [0x00000000a0000000,0x00000000a0862770,0x00000000a5400000)
 Metaspace       used 25119K, capacity 25594K, committed 25984K, reserved 1071104K
  class space    used 3490K, capacity 3633K, committed 3712K, reserved 1048576K
Event: 21.020 GC heap after
Heap after GC invocations=5 (full 1):
 PSYoungGen      total 77312K, used 5715K [0x00000000e0000000, 0x00000000e6e00000, 0x0000000100000000)
  eden space 71168K, 0% used [0x00000000e0000000,0x00000000e0000000,0x00000000e4580000)
  from space 6144K, 93% used [0x00000000e6800000,0x00000000e6d94e80,0x00000000e6e00000)
  to   space 8192K, 0% used [0x00000000e5e00000,0x00000000e5e00000,0x00000000e6600000)
 ParOldGen       total 86016K, used 8585K [0x00000000a0000000, 0x00000000a5400000, 0x00000000e0000000)
  object space 86016K, 9% used [0x00000000a0000000,0x00000000a0862770,0x00000000a5400000)
 Metaspace       used 25119K, capacity 25594K, committed 25984K, reserved 1071104K
  class space    used 3490K, capacity 3633K, committed 3712K, reserved 1048576K
}
Event: 26.660 GC heap before
{Heap before GC invocations=6 (full 1):
 PSYoungGen      total 77312K, used 76883K [0x00000000e0000000, 0x00000000e6e00000, 0x0000000100000000)
  eden space 71168K, 100% used [0x00000000e0000000,0x00000000e4580000,0x00000000e4580000)
  from space 6144K, 93% used [0x00000000e6800000,0x00000000e6d94e80,0x00000000e6e00000)
  to   space 8192K, 0% used [0x00000000e5e00000,0x00000000e5e00000,0x00000000e6600000)
 ParOldGen       total 86016K, used 8585K [0x00000000a0000000, 0x00000000a5400000, 0x00000000e0000000)
  object space 86016K, 9% used [0x00000000a0000000,0x00000000a0862770,0x00000000a5400000)
 Metaspace       used 28806K, capacity 29358K, committed 29568K, reserved 1075200K
  class space    used 3983K, capacity 4144K, committed 4224K, reserved 1048576K
Event: 26.696 GC heap after
Heap after GC invocations=6 (full 1):
 PSYoungGen      total 104448K, used 8093K [0x00000000e0000000, 0x00000000e7600000, 0x0000000100000000)
  eden space 96256K, 0% used [0x00000000e0000000,0x00000000e0000000,0x00000000e5e00000)
  from space 8192K, 98% used [0x00000000e5e00000,0x00000000e65e77c0,0x00000000e6600000)
  to   space 10752K, 0% used [0x00000000e6b80000,0x00000000e6b80000,0x00000000e7600000)
 ParOldGen       total 86016K, used 8593K [0x00000000a0000000, 0x00000000a5400000, 0x00000000e0000000)
  object space 86016K, 9% used [0x00000000a0000000,0x00000000a0864770,0x00000000a5400000)
 Metaspace       used 28806K, capacity 29358K, committed 29568K, reserved 1075200K
  class space    used 3983K, capacity 4144K, committed 4224K, reserved 1048576K
}
Event: 29.599 GC heap before
{Heap before GC invocations=7 (full 1):
 PSYoungGen      total 104448K, used 83639K [0x00000000e0000000, 0x00000000e7600000, 0x0000000100000000)
  eden space 96256K, 78% used [0x00000000e0000000,0x00000000e49c65d0,0x00000000e5e00000)
  from space 8192K, 98% used [0x00000000e5e00000,0x00000000e65e77c0,0x00000000e6600000)
  to   space 10752K, 0% used [0x00000000e6b80000,0x00000000e6b80000,0x00000000e7600000)
 ParOldGen       total 86016K, used 8593K [0x00000000a0000000, 0x00000000a5400000, 0x00000000e0000000)
  object space 86016K, 9% used [0x00000000a0000000,0x00000000a0864770,0x00000000a5400000)
 Metaspace       used 34503K, capacity 35064K, committed 35456K, reserved 1079296K
  class space    used 4707K, capacity 4869K, committed 4992K, reserved 1048576K
Event: 29.655 GC heap after
Heap after GC invocations=7 (full 1):
 PSYoungGen      total 107008K, used 10721K [0x00000000e0000000, 0x00000000e7600000, 0x0000000100000000)
  eden space 96256K, 0% used [0x00000000e0000000,0x00000000e0000000,0x00000000e5e00000)
  from space 10752K, 99% used [0x00000000e6b80000,0x00000000e75f85e8,0x00000000e7600000)
  to   space 8192K, 0% used [0x00000000e5e00000,0x00000000e5e00000,0x00000000e6600000)
 ParOldGen       total 86016K, used 10293K [0x00000000a0000000, 0x00000000a5400000, 0x00000000e0000000)
  object space 86016K, 11% used [0x00000000a0000000,0x00000000a0a0d600,0x00000000a5400000)
 Metaspace       used 34503K, capacity 35064K, committed 35456K, reserved 1079296K
  class space    used 4707K, capacity 4869K, committed 4992K, reserved 1048576K
}
Event: 29.655 GC heap before
{Heap before GC invocations=8 (full 2):
 PSYoungGen      total 107008K, used 10721K [0x00000000e0000000, 0x00000000e7600000, 0x0000000100000000)
  eden space 96256K, 0% used [0x00000000e0000000,0x00000000e0000000,0x00000000e5e00000)
  from space 10752K, 99% used [0x00000000e6b80000,0x00000000e75f85e8,0x00000000e7600000)
  to   space 8192K, 0% used [0x00000000e5e00000,0x00000000e5e00000,0x00000000e6600000)
 ParOldGen       total 86016K, used 10293K [0x00000000a0000000, 0x00000000a5400000, 0x00000000e0000000)
  object space 86016K, 11% used [0x00000000a0000000,0x00000000a0a0d600,0x00000000a5400000)
 Metaspace       used 34503K, capacity 35064K, committed 35456K, reserved 1079296K
  class space    used 4707K, capacity 4869K, committed 4992K, reserved 1048576K
Event: 30.053 GC heap after
Heap after GC invocations=8 (full 2):
 PSYoungGen      total 107008K, used 0K [0x00000000e0000000, 0x00000000e7600000, 0x0000000100000000)
  eden space 96256K, 0% used [0x00000000e0000000,0x00000000e0000000,0x00000000e5e00000)
  from space 10752K, 0% used [0x00000000e6b80000,0x00000000e6b80000,0x00000000e7600000)
  to   space 8192K, 0% used [0x00000000e5e00000,0x00000000e5e00000,0x00000000e6600000)
 ParOldGen       total 86016K, used 18804K [0x00000000a0000000, 0x00000000a5400000, 0x00000000e0000000)
  object space 86016K, 21% used [0x00000000a0000000,0x00000000a125d070,0x00000000a5400000)
 Metaspace       used 34503K, capacity 35064K, committed 35456K, reserved 1079296K
  class space    used 4707K, capacity 4869K, committed 4992K, reserved 1048576K
}

